e:\vs projects\enigma1.0\enigma1.0\debug\vc142.pdb
e:\vs projects\enigma1.0\enigma1.0\debug\vc142.idb
e:\vs projects\enigma1.0\enigma1.0\debug\settingswindow.obj
e:\vs projects\enigma1.0\enigma1.0\debug\mainwindow.obj
e:\vs projects\enigma1.0\enigma1.0\debug\main.obj
e:\vs projects\enigma1.0\enigma1.0\debug\selector.obj
e:\vs projects\enigma1.0\enigma1.0\debug\rotor.obj
e:\vs projects\enigma1.0\enigma1.0\debug\keyboard.obj
e:\vs projects\enigma1.0\enigma1.0\debug\imgcoder.obj
e:\vs projects\enigma1.0\enigma1.0\debug\commutationpanel.obj
e:\vs projects\enigma1.0\enigma1.0\debug\coder.obj
e:\vs projects\enigma1.0\enigma1.0\debug\button.obj
e:\vs projects\enigma1.0\debug\enigma1.0.exe
e:\vs projects\enigma1.0\debug\enigma1.0.ilk
e:\vs projects\enigma1.0\debug\enigma1.0.pdb
e:\vs projects\enigma1.0\enigma1.0\debug\enigma1.0.tlog\cl.command.1.tlog
e:\vs projects\enigma1.0\enigma1.0\debug\enigma1.0.tlog\cl.read.1.tlog
e:\vs projects\enigma1.0\enigma1.0\debug\enigma1.0.tlog\cl.write.1.tlog
e:\vs projects\enigma1.0\enigma1.0\debug\enigma1.0.tlog\link.command.1.tlog
e:\vs projects\enigma1.0\enigma1.0\debug\enigma1.0.tlog\link.read.1.tlog
e:\vs projects\enigma1.0\enigma1.0\debug\enigma1.0.tlog\link.write.1.tlog
